<?xml version="1.0" encoding="UTF-8"?>
<testng-results skipped="0" failed="0" ignored="0" total="1" passed="1">
  <reporter-output>
  </reporter-output>
  <suite name="Suite" duration-ms="6664" started-at="2023-06-27T07:22:19Z" finished-at="2023-06-27T07:22:26Z">
    <groups>
    </groups>
    <test name="Test" duration-ms="6664" started-at="2023-06-27T07:22:19Z" finished-at="2023-06-27T07:22:26Z">
      <class name="Apps.MyWebAppTest">
        <test-method status="PASS" signature="verifyTitle()[pri:0, instance:Apps.MyWebAppTest@3d121db3]" name="verifyTitle" duration-ms="6652" started-at="2023-06-27T12:52:19Z" finished-at="2023-06-27T12:52:26Z">
          <reporter-output>
          </reporter-output>
        </test-method> <!-- verifyTitle -->
      </class> <!-- Apps.MyWebAppTest -->
    </test> <!-- Test -->
  </suite> <!-- Suite -->
</testng-results>
