<?xml version="1.0" encoding="UTF-8"?>
<testng-results ignored="0" total="1" passed="1" failed="0" skipped="0">
  <reporter-output>
  </reporter-output>
  <suite started-at="2023-06-26T18:11:37 IST" name="Suite" finished-at="2023-06-26T18:12:28 IST" duration-ms="51546">
    <groups>
    </groups>
    <test started-at="2023-06-26T18:11:37 IST" name="Test" finished-at="2023-06-26T18:12:28 IST" duration-ms="51546">
      <class name="Apps.MyWebAppTest">
        <test-method signature="verifyTitle()[pri:0, instance:Apps.MyWebAppTest@12468a38]" started-at="2023-06-26T18:11:37 IST" name="verifyTitle" finished-at="2023-06-26T18:12:28 IST" duration-ms="51513" status="PASS">
          <reporter-output>
          </reporter-output>
        </test-method> <!-- verifyTitle -->
      </class> <!-- Apps.MyWebAppTest -->
    </test> <!-- Test -->
  </suite> <!-- Suite -->
</testng-results>
