<?xml version="1.0" encoding="UTF-8"?>
<testng-results ignored="0" total="1" passed="1" failed="0" skipped="0">
  <reporter-output>
  </reporter-output>
  <suite started-at="2023-06-26T14:53:11 IST" name="Default suite" finished-at="2023-06-26T14:53:18 IST" duration-ms="7179">
    <groups>
    </groups>
    <test started-at="2023-06-26T14:53:11 IST" name="Default test" finished-at="2023-06-26T14:53:18 IST" duration-ms="7179">
      <class name="Apps.MyWebApp">
        <test-method signature="verifyTitle()[pri:0, instance:Apps.MyWebApp@4a94ee4]" started-at="2023-06-26T14:53:11 IST" name="verifyTitle" finished-at="2023-06-26T14:53:18 IST" duration-ms="7137" status="PASS">
          <reporter-output>
          </reporter-output>
        </test-method> <!-- verifyTitle -->
      </class> <!-- Apps.MyWebApp -->
    </test> <!-- Default test -->
  </suite> <!-- Default suite -->
</testng-results>
